[23:35:31] [main/INFO] (FabricLoader/GameProvider) Loading Minecraft 1.21.7 with Fabric Loader 0.17.2
[23:35:32] [main/INFO] (FabricLoader) Loading 49 mods:
	- anomalous_advancement 1.0.0
	- fabric-api 0.129.0+1.21.7
	- fabric-api-base 0.4.64+9ec45cd86c
	- fabric-api-lookup-api-v1 1.6.100+946bf4c36c
	- fabric-biome-api-v1 16.0.11+946bf4c36c
	- fabric-block-api-v1 1.1.3+946bf4c36c
	- fabric-block-view-api-v2 1.0.31+946bf4c36c
	- fabric-client-gametest-api-v1 4.2.5+8a98c3fc6c
	- fabric-command-api-v2 2.2.53+946bf4c36c
	- fabric-content-registries-v0 10.0.18+946bf4c36c
	- fabric-convention-tags-v1 2.1.40+7f945d5b6c
	- fabric-convention-tags-v2 2.15.5+eb5df52f6c
	- fabric-crash-report-info-v1 0.3.15+946bf4c36c
	- fabric-data-attachment-api-v1 1.8.10+946bf4c36c
	- fabric-data-generation-api-v1 23.2.4+55e55d296c
	- fabric-dimensions-v1 4.0.19+946bf4c36c
	- fabric-entity-events-v1 2.1.1+c9e472736c
	- fabric-events-interaction-v0 4.0.23+946bf4c36c
	- fabric-game-rule-api-v1 1.0.73+c64c9c5b6c
	- fabric-gametest-api-v1 3.1.9+39ce47f56c
	- fabric-item-api-v1 11.4.3+946bf4c36c
	- fabric-item-group-api-v1 4.2.13+946bf4c36c
	- fabric-key-binding-api-v1 1.0.65+946bf4c36c
	- fabric-lifecycle-events-v1 2.6.3+db4dfd856c
	- fabric-loot-api-v2 3.0.55+3f89f5a56c
	- fabric-loot-api-v3 2.0.2+946bf4c36c
	- fabric-message-api-v1 6.1.1+946bf4c36c
	- fabric-model-loading-api-v1 5.2.5+946bf4c36c
	- fabric-networking-api-v1 5.0.1+946bf4c36c
	- fabric-object-builder-api-v1 21.1.7+946bf4c36c
	- fabric-particles-v1 4.1.7+946bf4c36c
	- fabric-recipe-api-v1 8.1.14+946bf4c36c
	- fabric-registry-sync-v0 6.1.27+946bf4c36c
	- fabric-renderer-api-v1 7.0.2+946bf4c36c
	- fabric-renderer-indigo 4.0.2+946bf4c36c
	- fabric-rendering-fluids-v1 3.1.30+fa6cb72b6c
	- fabric-rendering-v1 12.4.0+e8d43c766c
	- fabric-resource-conditions-api-v1 5.0.24+946bf4c36c
	- fabric-resource-loader-v0 3.1.11+946bf4c36c
	- fabric-screen-api-v1 2.1.0+277ecf7d6c
	- fabric-screen-handler-api-v1 1.3.136+946bf4c36c
	- fabric-sound-api-v1 1.0.42+946bf4c36c
	- fabric-tag-api-v1 1.2.1+946bf4c36c
	- fabric-transfer-api-v1 6.0.5+946bf4c36c
	- fabric-transitive-access-wideners-v1 6.4.1+ac3e15d16c
	- fabricloader 0.17.2
	- java 22
	- minecraft 1.21.7
	- mixinextras 0.5.0
[23:35:32] [main/INFO] (FabricLoader/Mixin) SpongePowered MIXIN Subsystem Version=0.8.7 Source=file:/C:/Users/Ant/.gradle/caches/modules-2/files-2.1/net.fabricmc/sponge-mixin/0.16.3+mixin.0.8.7/3e535042688d1265447e52ad86950b7d9678a5fa/sponge-mixin-0.16.3+mixin.0.8.7.jar Service=Knot/Fabric Env=CLIENT
[23:35:32] [main/INFO] (FabricLoader/Mixin) Loaded Fabric development mappings for mixin remapper!
[23:35:32] [main/INFO] (FabricLoader/Mixin) Compatibility level set to JAVA_21
[23:35:33] [main/INFO] (FabricLoader/MixinExtras|Service) Initializing MixinExtras via com.llamalad7.mixinextras.service.MixinExtrasServiceImpl(version=0.5.0).
[23:35:33] [Datafixer Bootstrap/INFO] (Minecraft) 269 Datafixer optimizations took 365 milliseconds
[23:35:33] [main/WARN] (PerfmonDisabled) Invalid registry value type detected for PerfOS counters. Should be REG_DWORD. Ignoring: HKEY_LOCAL_MACHINE\SYSTEM\CurrentControlSet\Services\PerfOS\Performance\Disable Performance Counters.
[23:35:37] [Render thread/INFO] (Minecraft) Environment: Environment[sessionHost=https://sessionserver.mojang.com, servicesHost=https://api.minecraftservices.com, name=PROD]
[23:35:37] [Render thread/INFO] (Minecraft) Setting user: Player758
[23:35:37] [Render thread/INFO] (anomalous_advancement) Registering Item Groups for anomalous_advancement
[23:35:37] [Render thread/INFO] (anomalous_advancement) Registering Mod Items for anomalous_advancement
[23:35:37] [Render thread/INFO] (anomalous_advancement) Registering Mod Blocks for anomalous_advancement
[23:35:37] [Render thread/INFO] (anomalous_advancement) Registering Mod Sounds for anomalous_advancement
[23:35:37] [Render thread/INFO] (anomalous_advancement) Registering Block Entities for anomalous_advancement
[23:35:37] [Render thread/INFO] (anomalous_advancement) Registering Screen Handlers for anomalous_advancement
[23:35:37] [Render thread/INFO] (Indigo) [Indigo] Registering Indigo renderer!
[23:35:37] [Render thread/INFO] (FabricDataGenHelper) Running data generator for anomalous_advancement
[23:35:37] [Render thread/INFO] (Minecraft) Starting provider: Anomalous_Advancement/Tags for minecraft:block
[23:35:38] [Render thread/INFO] (Minecraft) Anomalous_Advancement/Tags for minecraft:block finished after 16 ms
[23:35:38] [Render thread/INFO] (Minecraft) Starting provider: Anomalous_Advancement/Tags for minecraft:item
[23:35:38] [Render thread/INFO] (Minecraft) Anomalous_Advancement/Tags for minecraft:item finished after 1 ms
[23:35:38] [Render thread/INFO] (Minecraft) Starting provider: Anomalous_Advancement/Block Loot Tables
[23:35:38] [Render thread/INFO] (Minecraft) Anomalous_Advancement/Block Loot Tables finished after 12 ms
[23:35:38] [Render thread/INFO] (Minecraft) Starting provider: Anomalous_Advancement/Model Definitions
[23:35:38] [Render thread/INFO] (Minecraft) Anomalous_Advancement/Model Definitions finished after 48 ms
[23:35:38] [Render thread/INFO] (Minecraft) Starting provider: Anomalous_Advancement/Anomalous_Advancement Recipes
[23:35:38] [Render thread/INFO] (Minecraft) Anomalous_Advancement/Anomalous_Advancement Recipes finished after 25 ms
[23:35:38] [Render thread/INFO] (Minecraft) Starting provider: Anomalous_Advancement/Mixin JSON Provider
[23:35:38] [Render thread/INFO] (Minecraft) Anomalous_Advancement/Mixin JSON Provider finished after 0 ms
[23:35:38] [Render thread/INFO] (Minecraft) Starting provider: Anomalous_Advancement/
[23:35:38] [Render thread/INFO] (Minecraft) Anomalous_Advancement/ finished after 2 ms
[23:35:38] [Render thread/INFO] (Minecraft) All providers took: 108 ms
[23:35:38] [Render thread/INFO] (Minecraft) Caching: total files: 145, old count: 145, new count: 146, removed stale: 0, written: 0
